<?xml version="1.0" encoding="UTF-8"?>
<testng-results skipped="0" failed="1" ignored="0" total="1" passed="0">
  <reporter-output>
    <line>
      <![CDATA[<div style="display:block;margin-left:10px;"><div  class="teststeppass"><span class="teststeppass-label">T </span>Given user open google search engine</div><div  class="teststepfail"><span class="teststepfail-label">T </span>And search for any product <a href="img/SampleTest_9a1oabgl7z0s44637.png" target="_blank">[View Screenshot]</a> </div><div style="display:block;margin-left:10px;"><div  class="fail"><span class="fail-label">F </span>unknown error: Element <input class="gsfi" disabled="" autocomplete="off" autocapitalize="off" aria-hidden="true" id="gs_htif0" dir="ltr" style="border: none; padding: 0px; margin: 0px; height: auto; width: 100%; position: absolute; z-index: 1; background-color: transparent; -webkit-text-fill-color: silver; color: silver; transition: all 0.218s; opacity: 0; text-align: left; left: 0px;"> is not clickable at point (463, 340). Other element would receive the click: <input class="gsfi lst-d-f" id="lst-ib" maxlength="2048" name="q" autocomplete="off" title="Search" type="text" value="" aria-label="Search" aria-haspopup="false" role="combobox" aria-autocomplete="both" dir="ltr" spellcheck="false" style="border: none; padding: 0px; margin: 0px; height: auto; width: 100%; background: url(&quot;data:image/gif;base64,R0lGODlhAQABAID/AMDAwAAAACH5BAEAAAAALAAAAAABAAEAAAICRAEAOw%3D%3D&quot;) transparent; position: absolute; z-index: 6; left: 0px; outline: none;">
  (Session info: chrome=60.0.3112.90)
  (Driver info: chromedriver=2.29.461591 (62ebf098771772160f391d75e589dc567915b233),platform=Windows NT 6.2.9200 x86_64) (WARNING: The server did not provide any stacktrace information)
Command duration or timeout: 59 milliseconds
Build info: version: '2.53.0', revision: '35ae25b1534ae328c771e0856c93e187490ca824', time: '2016-03-15 10:43:46'
System info: host: 'ICPL11493', ip: '10.11.31.109', os.name: 'Windows 8', os.arch: 'amd64', os.version: '6.2', java.version: '1.8.0_111'
Driver info: com.qmetry.qaf.automation.ui.webdriver.QAFExtendedWebDriver
Capabilities [{applicationCacheEnabled=false, rotatable=false, mobileEmulationEnabled=false, networkConnectionEnabled=false, chrome={chromedriverVersion=2.29.461591 (62ebf098771772160f391d75e589dc567915b233), userDataDir=C:\Users\BISWA~1.SEN\AppData\Local\Temp\scoped_dir6476_19164}, takesHeapSnapshot=true, pageLoadStrategy=normal, databaseEnabled=false, handlesAlerts=true, hasTouchScreen=false, version=60.0.3112.90, platform=WIN8, browserConnectionEnabled=false, nativeEvents=true, acceptSslCerts=true, locationContextEnabled=true, webStorageEnabled=true, browserName=chrome, takesScreenshot=true, javascriptEnabled=true, cssSelectorsEnabled=true, unexpectedAlertBehaviour=}]
Session ID: 207165fdf0ddbe403ad1c78080cf9b47</div></div><div  class="teststep"><span class="teststep-label">T </span>Then veryfy product page is opening</div></div>]]>
    </line>
  </reporter-output>
  <suite name="QAS Demo" duration-ms="8736" started-at="2017-08-18T06:50:46Z" finished-at="2017-08-18T06:50:55Z">
    <groups>
      <group name="SMOKE">
        <method signature="scenarios.suite1.bdd.SampleTest()[pri:1000, instance:com.qmetry.qaf.automation.step.client.Scenario@3e8]" name="SampleTest" class="com.qmetry.qaf.automation.step.client.Scenario"/>
      </group> <!-- SMOKE -->
    </groups>
    <test name="BDD Test" duration-ms="8736" started-at="2017-08-18T06:50:46Z" finished-at="2017-08-18T06:50:55Z">
      <class name="com.qmetry.qaf.automation.step.client.Scenario">
        <test-method status="PASS" signature="setupSuit(org.testng.ITestContext)[pri:0, instance:com.qmetry.qaf.automation.step.client.Scenario@3e8]" test-instance-name="SampleTest" name="setupSuit" is-config="true" duration-ms="16" started-at="2017-08-18T12:20:46Z" finished-at="2017-08-18T12:20:46Z">
          <params>
            <param index="0">
              <value>
                <![CDATA[org.testng.TestRunner@79efed2d]]>
              </value>
            </param>
          </params>
          <reporter-output>
          </reporter-output>
        </test-method> <!-- setupSuit -->
        <test-method status="PASS" signature="setupTest(org.testng.ITestContext)[pri:0, instance:com.qmetry.qaf.automation.step.client.Scenario@3e8]" test-instance-name="SampleTest" name="setupTest" is-config="true" duration-ms="1" started-at="2017-08-18T12:20:46Z" finished-at="2017-08-18T12:20:46Z">
          <params>
            <param index="0">
              <value>
                <![CDATA[org.testng.TestRunner@79efed2d]]>
              </value>
            </param>
          </params>
          <reporter-output>
          </reporter-output>
        </test-method> <!-- setupTest -->
        <test-method status="PASS" signature="setup(org.testng.ITestContext)[pri:0, instance:com.qmetry.qaf.automation.step.client.Scenario@3e8]" test-instance-name="SampleTest" name="setup" is-config="true" duration-ms="1" started-at="2017-08-18T12:20:46Z" finished-at="2017-08-18T12:20:46Z">
          <params>
            <param index="0">
              <value>
                <![CDATA[org.testng.TestRunner@79efed2d]]>
              </value>
            </param>
          </params>
          <reporter-output>
          </reporter-output>
        </test-method> <!-- setup -->
        <test-method status="PASS" signature="setupMethod(java.lang.reflect.Method, org.testng.ITestContext)[pri:0, instance:com.qmetry.qaf.automation.step.client.Scenario@3e8]" test-instance-name="SampleTest" name="setupMethod" is-config="true" duration-ms="1" started-at="2017-08-18T12:20:46Z" finished-at="2017-08-18T12:20:46Z">
          <params>
            <param index="0">
              <value>
                <![CDATA[public void com.qmetry.qaf.automation.step.client.Scenario.scenario()]]>
              </value>
            </param>
            <param index="1">
              <value>
                <![CDATA[org.testng.TestRunner@79efed2d]]>
              </value>
            </param>
          </params>
          <reporter-output>
          </reporter-output>
        </test-method> <!-- setupMethod -->
        <test-method status="FAIL" signature="SampleTest()[pri:1000, instance:com.qmetry.qaf.automation.step.client.Scenario@3e8]" test-instance-name="SampleTest" name="SampleTest" duration-ms="8279" started-at="2017-08-18T12:20:46Z" description="Sample Test Scenario" finished-at="2017-08-18T12:20:54Z">
          <exception class="org.openqa.selenium.WebDriverException">
            <message>
              <![CDATA[unknown error: Element <input class="gsfi" disabled="" autocomplete="off" autocapitalize="off" aria-hidden="true" id="gs_htif0" dir="ltr" style="border: none; padding: 0px; margin: 0px; height: auto; width: 100%; position: absolute; z-index: 1; background-color: transparent; -webkit-text-fill-color: silver; color: silver; transition: all 0.218s; opacity: 0; text-align: left; left: 0px;"> is not clickable at point (463, 340). Other element would receive the click: <input class="gsfi lst-d-f" id="lst-ib" maxlength="2048" name="q" autocomplete="off" title="Search" type="text" value="" aria-label="Search" aria-haspopup="false" role="combobox" aria-autocomplete="both" dir="ltr" spellcheck="false" style="border: none; padding: 0px; margin: 0px; height: auto; width: 100%; background: url(&quot;data:image/gif;base64,R0lGODlhAQABAID/AMDAwAAAACH5BAEAAAAALAAAAAABAAEAAAICRAEAOw%3D%3D&quot;) transparent; position: absolute; z-index: 6; left: 0px; outline: none;">
  (Session info: chrome=60.0.3112.90)
  (Driver info: chromedriver=2.29.461591 (62ebf098771772160f391d75e589dc567915b233),platform=Windows NT 6.2.9200 x86_64) (WARNING: The server did not provide any stacktrace information)
Command duration or timeout: 59 milliseconds
Build info: version: '2.53.0', revision: '35ae25b1534ae328c771e0856c93e187490ca824', time: '2016-03-15 10:43:46'
System info: host: 'ICPL11493', ip: '10.11.31.109', os.name: 'Windows 8', os.arch: 'amd64', os.version: '6.2', java.version: '1.8.0_111'
Driver info: com.qmetry.qaf.automation.ui.webdriver.QAFExtendedWebDriver
Capabilities [{applicationCacheEnabled=false, rotatable=false, mobileEmulationEnabled=false, networkConnectionEnabled=false, chrome={chromedriverVersion=2.29.461591 (62ebf098771772160f391d75e589dc567915b233), userDataDir=C:\Users\BISWA~1.SEN\AppData\Local\Temp\scoped_dir6476_19164}, takesHeapSnapshot=true, pageLoadStrategy=normal, databaseEnabled=false, handlesAlerts=true, hasTouchScreen=false, version=60.0.3112.90, platform=WIN8, browserConnectionEnabled=false, nativeEvents=true, acceptSslCerts=true, locationContextEnabled=true, webStorageEnabled=true, browserName=chrome, takesScreenshot=true, javascriptEnabled=true, cssSelectorsEnabled=true, unexpectedAlertBehaviour=}]
Session ID: 207165fdf0ddbe403ad1c78080cf9b47]]>
            </message>
            <full-stacktrace>
              <![CDATA[org.openqa.selenium.WebDriverException: unknown error: Element <input class="gsfi" disabled="" autocomplete="off" autocapitalize="off" aria-hidden="true" id="gs_htif0" dir="ltr" style="border: none; padding: 0px; margin: 0px; height: auto; width: 100%; position: absolute; z-index: 1; background-color: transparent; -webkit-text-fill-color: silver; color: silver; transition: all 0.218s; opacity: 0; text-align: left; left: 0px;"> is not clickable at point (463, 340). Other element would receive the click: <input class="gsfi lst-d-f" id="lst-ib" maxlength="2048" name="q" autocomplete="off" title="Search" type="text" value="" aria-label="Search" aria-haspopup="false" role="combobox" aria-autocomplete="both" dir="ltr" spellcheck="false" style="border: none; padding: 0px; margin: 0px; height: auto; width: 100%; background: url(&quot;data:image/gif;base64,R0lGODlhAQABAID/AMDAwAAAACH5BAEAAAAALAAAAAABAAEAAAICRAEAOw%3D%3D&quot;) transparent; position: absolute; z-index: 6; left: 0px; outline: none;">
  (Session info: chrome=60.0.3112.90)
  (Driver info: chromedriver=2.29.461591 (62ebf098771772160f391d75e589dc567915b233),platform=Windows NT 6.2.9200 x86_64) (WARNING: The server did not provide any stacktrace information)
Command duration or timeout: 59 milliseconds
Build info: version: '2.53.0', revision: '35ae25b1534ae328c771e0856c93e187490ca824', time: '2016-03-15 10:43:46'
System info: host: 'ICPL11493', ip: '10.11.31.109', os.name: 'Windows 8', os.arch: 'amd64', os.version: '6.2', java.version: '1.8.0_111'
Driver info: com.qmetry.qaf.automation.ui.webdriver.QAFExtendedWebDriver
Capabilities [{applicationCacheEnabled=false, rotatable=false, mobileEmulationEnabled=false, networkConnectionEnabled=false, chrome={chromedriverVersion=2.29.461591 (62ebf098771772160f391d75e589dc567915b233), userDataDir=C:\Users\BISWA~1.SEN\AppData\Local\Temp\scoped_dir6476_19164}, takesHeapSnapshot=true, pageLoadStrategy=normal, databaseEnabled=false, handlesAlerts=true, hasTouchScreen=false, version=60.0.3112.90, platform=WIN8, browserConnectionEnabled=false, nativeEvents=true, acceptSslCerts=true, locationContextEnabled=true, webStorageEnabled=true, browserName=chrome, takesScreenshot=true, javascriptEnabled=true, cssSelectorsEnabled=true, unexpectedAlertBehaviour=}]
Session ID: 207165fdf0ddbe403ad1c78080cf9b47
	at .And search for any product(scenarios/suite1.bdd:7)
	at org.openqa.selenium.remote.ErrorHandler.createThrowable(ErrorHandler.java:206)
	at org.openqa.selenium.remote.ErrorHandler.throwIfResponseFailed(ErrorHandler.java:158)
	at org.openqa.selenium.remote.RemoteWebDriver.execute(RemoteWebDriver.java:678)
	at com.qmetry.qaf.automation.ui.webdriver.QAFExtendedWebDriver.executeWitoutLog(QAFExtendedWebDriver.java:256)
	at com.qmetry.qaf.automation.ui.webdriver.QAFExtendedWebElement.execute(QAFExtendedWebElement.java:252)
	at org.openqa.selenium.remote.RemoteWebElement.click(RemoteWebElement.java:85)
	at com.demojenkins.google.search_for_any_product_aroundBody2(google.java:25)
	at com.qmetry.qaf.automation.step.JavaStepReporter.javaTestStep(JavaStepReporter.java:101)
	at com.demojenkins.google.search_for_any_product(google.java:23)
	at com.qmetry.qaf.automation.step.JavaStep.doExecute(JavaStep.java:160)
	at com.qmetry.qaf.automation.step.BaseTestStep.execute(BaseTestStep.java:149)
	at com.qmetry.qaf.automation.step.StringTestStep.execute(StringTestStep.java:134)
	at com.qmetry.qaf.automation.step.client.Scenario.execute(Scenario.java:167)
	at com.qmetry.qaf.automation.step.client.Scenario.scenario(Scenario.java:219)
]]>
            </full-stacktrace>
          </exception> <!-- org.openqa.selenium.WebDriverException -->
          <reporter-output>
            <line>
              <![CDATA[<div style="display:block;margin-left:10px;"><div  class="teststeppass"><span class="teststeppass-label">T </span>Given user open google search engine</div><div  class="teststepfail"><span class="teststepfail-label">T </span>And search for any product <a href="img/SampleTest_9a1oabgl7z0s44637.png" target="_blank">[View Screenshot]</a> </div><div style="display:block;margin-left:10px;"><div  class="fail"><span class="fail-label">F </span>unknown error: Element <input class="gsfi" disabled="" autocomplete="off" autocapitalize="off" aria-hidden="true" id="gs_htif0" dir="ltr" style="border: none; padding: 0px; margin: 0px; height: auto; width: 100%; position: absolute; z-index: 1; background-color: transparent; -webkit-text-fill-color: silver; color: silver; transition: all 0.218s; opacity: 0; text-align: left; left: 0px;"> is not clickable at point (463, 340). Other element would receive the click: <input class="gsfi lst-d-f" id="lst-ib" maxlength="2048" name="q" autocomplete="off" title="Search" type="text" value="" aria-label="Search" aria-haspopup="false" role="combobox" aria-autocomplete="both" dir="ltr" spellcheck="false" style="border: none; padding: 0px; margin: 0px; height: auto; width: 100%; background: url(&quot;data:image/gif;base64,R0lGODlhAQABAID/AMDAwAAAACH5BAEAAAAALAAAAAABAAEAAAICRAEAOw%3D%3D&quot;) transparent; position: absolute; z-index: 6; left: 0px; outline: none;">
  (Session info: chrome=60.0.3112.90)
  (Driver info: chromedriver=2.29.461591 (62ebf098771772160f391d75e589dc567915b233),platform=Windows NT 6.2.9200 x86_64) (WARNING: The server did not provide any stacktrace information)
Command duration or timeout: 59 milliseconds
Build info: version: '2.53.0', revision: '35ae25b1534ae328c771e0856c93e187490ca824', time: '2016-03-15 10:43:46'
System info: host: 'ICPL11493', ip: '10.11.31.109', os.name: 'Windows 8', os.arch: 'amd64', os.version: '6.2', java.version: '1.8.0_111'
Driver info: com.qmetry.qaf.automation.ui.webdriver.QAFExtendedWebDriver
Capabilities [{applicationCacheEnabled=false, rotatable=false, mobileEmulationEnabled=false, networkConnectionEnabled=false, chrome={chromedriverVersion=2.29.461591 (62ebf098771772160f391d75e589dc567915b233), userDataDir=C:\Users\BISWA~1.SEN\AppData\Local\Temp\scoped_dir6476_19164}, takesHeapSnapshot=true, pageLoadStrategy=normal, databaseEnabled=false, handlesAlerts=true, hasTouchScreen=false, version=60.0.3112.90, platform=WIN8, browserConnectionEnabled=false, nativeEvents=true, acceptSslCerts=true, locationContextEnabled=true, webStorageEnabled=true, browserName=chrome, takesScreenshot=true, javascriptEnabled=true, cssSelectorsEnabled=true, unexpectedAlertBehaviour=}]
Session ID: 207165fdf0ddbe403ad1c78080cf9b47</div></div><div  class="teststep"><span class="teststep-label">T </span>Then veryfy product page is opening</div></div>]]>
            </line>
          </reporter-output>
        </test-method> <!-- SampleTest -->
        <test-method status="PASS" signature="afterMethod(org.testng.ITestContext, org.testng.ITestResult)[pri:0, instance:com.qmetry.qaf.automation.step.client.Scenario@3e8]" test-instance-name="SampleTest" name="afterMethod" is-config="true" duration-ms="1" started-at="2017-08-18T12:20:55Z" finished-at="2017-08-18T12:20:55Z">
          <params>
            <param index="0">
              <value>
                <![CDATA[org.testng.TestRunner@79efed2d]]>
              </value>
            </param>
            <param index="1">
              <value>
                <![CDATA[[TestResult name=SampleTest status=FAILURE method=scenarios.suite1.bdd.SampleTest()[pri:1000, instance:com.qmetry.qaf.automation.step.client.Scenario@3e8] output=<div style="display:block;margin-left:10px;"><div  class="teststeppass"><span class="teststeppass-label">T </span>Given user open google search engine</div><div  class="teststepfail"><span class="teststepfail-label">T </span>And search for any product <a href="img/SampleTest_9a1oabgl7z0s44637.png" target="_blank">[View Screenshot]</a> </div><div style="display:block;margin-left:10px;"><div  class="fail"><span class="fail-label">F </span>unknown error: Element <input class="gsfi" disabled="" autocomplete="off" autocapitalize="off" aria-hidden="true" id="gs_htif0" dir="ltr" style="border: none; padding: 0px; margin: 0px; height: auto; width: 100%; position: absolute; z-index: 1; background-color: transparent; -webkit-text-fill-color: silver; color: silver; transition: all 0.218s; opacity: 0; text-align: left; left: 0px;"> is not clickable at point (463, 340). Other element would receive the click: <input class="gsfi lst-d-f" id="lst-ib" maxlength="2048" name="q" autocomplete="off" title="Search" type="text" value="" aria-label="Search" aria-haspopup="false" role="combobox" aria-autocomplete="both" dir="ltr" spellcheck="false" style="border: none; padding: 0px; margin: 0px; height: auto; width: 100%; background: url(&quot;data:image/gif;base64,R0lGODlhAQABAID/AMDAwAAAACH5BAEAAAAALAAAAAABAAEAAAICRAEAOw%3D%3D&quot;) transparent; position: absolute; z-index: 6; left: 0px; outline: none;">
  (Session info: chrome=60.0.3112.90)
  (Driver info: chromedriver=2.29.461591 (62ebf098771772160f391d75e589dc567915b233),platform=Windows NT 6.2.9200 x86_64) (WARNING: The server did not provide any stacktrace information)
Command duration or timeout: 59 milliseconds
Build info: version: '2.53.0', revision: '35ae25b1534ae328c771e0856c93e187490ca824', time: '2016-03-15 10:43:46'
System info: host: 'ICPL11493', ip: '10.11.31.109', os.name: 'Windows 8', os.arch: 'amd64', os.version: '6.2', java.version: '1.8.0_111'
Driver info: com.qmetry.qaf.automation.ui.webdriver.QAFExtendedWebDriver
Capabilities [{applicationCacheEnabled=false, rotatable=false, mobileEmulationEnabled=false, networkConnectionEnabled=false, chrome={chromedriverVersion=2.29.461591 (62ebf098771772160f391d75e589dc567915b233), userDataDir=C:\Users\BISWA~1.SEN\AppData\Local\Temp\scoped_dir6476_19164}, takesHeapSnapshot=true, pageLoadStrategy=normal, databaseEnabled=false, handlesAlerts=true, hasTouchScreen=false, version=60.0.3112.90, platform=WIN8, browserConnectionEnabled=false, nativeEvents=true, acceptSslCerts=true, locationContextEnabled=true, webStorageEnabled=true, browserName=chrome, takesScreenshot=true, javascriptEnabled=true, cssSelectorsEnabled=true, unexpectedAlertBehaviour=}]
Session ID: 207165fdf0ddbe403ad1c78080cf9b47</div></div><div  class="teststep"><span class="teststep-label">T </span>Then veryfy product page is opening</div></div>]]]>
              </value>
            </param>
          </params>
          <reporter-output>
          </reporter-output>
        </test-method> <!-- afterMethod -->
        <test-method status="PASS" signature="afterClass(org.testng.ITestContext)[pri:0, instance:com.qmetry.qaf.automation.step.client.Scenario@3e8]" test-instance-name="SampleTest" name="afterClass" is-config="true" duration-ms="1" started-at="2017-08-18T12:20:55Z" finished-at="2017-08-18T12:20:55Z">
          <params>
            <param index="0">
              <value>
                <![CDATA[org.testng.TestRunner@79efed2d]]>
              </value>
            </param>
          </params>
          <reporter-output>
          </reporter-output>
        </test-method> <!-- afterClass -->
        <test-method status="PASS" signature="afterTest(org.testng.ITestContext)[pri:0, instance:com.qmetry.qaf.automation.step.client.Scenario@3e8]" test-instance-name="SampleTest" name="afterTest" is-config="true" duration-ms="34" started-at="2017-08-18T12:20:55Z" finished-at="2017-08-18T12:20:55Z">
          <params>
            <param index="0">
              <value>
                <![CDATA[org.testng.TestRunner@79efed2d]]>
              </value>
            </param>
          </params>
          <reporter-output>
          </reporter-output>
        </test-method> <!-- afterTest -->
        <test-method status="PASS" signature="afterSuit(org.testng.ITestContext)[pri:0, instance:com.qmetry.qaf.automation.step.client.Scenario@3e8]" test-instance-name="SampleTest" name="afterSuit" is-config="true" duration-ms="2" started-at="2017-08-18T12:20:55Z" finished-at="2017-08-18T12:20:55Z">
          <params>
            <param index="0">
              <value>
                <![CDATA[org.testng.TestRunner@79efed2d]]>
              </value>
            </param>
          </params>
          <reporter-output>
          </reporter-output>
        </test-method> <!-- afterSuit -->
      </class> <!-- com.qmetry.qaf.automation.step.client.Scenario -->
    </test> <!-- BDD Test -->
  </suite> <!-- QAS Demo -->
</testng-results>
