<?xml version="1.0" encoding="UTF-8"?>
<!-- Generated by org.testng.reporters.JUnitReportReporter -->
<testsuite name="com.qmetry.qaf.automation.step.client.Scenario" tests="1" time="8.281" ignored="0" failures="0" timestamp="18 Aug 2017 06:50:55 GMT" skipped="0" hostname="ICPL11493" errors="1">
  <testcase name="SampleTest" time="8.281" classname="com.qmetry.qaf.automation.step.client.Scenario">
    <error type="org.openqa.selenium.WebDriverException" message="unknown error: Element &lt;input class=&quot;gsfi&quot; disabled=&quot;&quot; autocomplete=&quot;off&quot; autocapitalize=&quot;off&quot; aria-hidden=&quot;true&quot; id=&quot;gs_htif0&quot; dir=&quot;ltr&quot; style=&quot;border: none; padding: 0px; margin: 0px; height: auto; width: 100%; position: absolute; z-index: 1; background-color: transparent; -webkit-text-fill-color: silver; color: silver; transition: all 0.218s; opacity: 0; text-align: left; left: 0px;&quot;&gt; is not clickable at point (463, 340). Other element would receive the click: &lt;input class=&quot;gsfi lst-d-f&quot; id=&quot;lst-ib&quot; maxlength=&quot;2048&quot; name=&quot;q&quot; autocomplete=&quot;off&quot; title=&quot;Search&quot; type=&quot;text&quot; value=&quot;&quot; aria-label=&quot;Search&quot; aria-haspopup=&quot;false&quot; role=&quot;combobox&quot; aria-autocomplete=&quot;both&quot; dir=&quot;ltr&quot; spellcheck=&quot;false&quot; style=&quot;border: none; padding: 0px; margin: 0px; height: auto; width: 100%; background: url(&amp;quot;data:image/gif;base64,R0lGODlhAQABAID/AMDAwAAAACH5BAEAAAAALAAAAAABAAEAAAICRAEAOw%3D%3D&amp;quot;) transparent; position: absolute; z-index: 6; left: 0px; outline: none;&quot;&gt;
  (Session info: chrome=60.0.3112.90)
  (Driver info: chromedriver=2.29.461591 (62ebf098771772160f391d75e589dc567915b233),platform=Windows NT 6.2.9200 x86_64) (WARNING: The server did not provide any stacktrace information)
Command duration or timeout: 59 milliseconds
Build info: version: &#039;2.53.0&#039;, revision: &#039;35ae25b1534ae328c771e0856c93e187490ca824&#039;, time: &#039;2016-03-15 10:43:46&#039;
System info: host: &#039;ICPL11493&#039;, ip: &#039;10.11.31.109&#039;, os.name: &#039;Windows 8&#039;, os.arch: &#039;amd64&#039;, os.version: &#039;6.2&#039;, java.version: &#039;1.8.0_111&#039;
Driver info: com.qmetry.qaf.automation.ui.webdriver.QAFExtendedWebDriver
Capabilities [{applicationCacheEnabled=false, rotatable=false, mobileEmulationEnabled=false, networkConnectionEnabled=false, chrome={chromedriverVersion=2.29.461591 (62ebf098771772160f391d75e589dc567915b233), userDataDir=C:\Users\BISWA~1.SEN\AppData\Local\Temp\scoped_dir6476_19164}, takesHeapSnapshot=true, pageLoadStrategy=normal, databaseEnabled=false, handlesAlerts=true, hasTouchScreen=false, version=60.0.3112.90, platform=WIN8, browserConnectionEnabled=false, nativeEvents=true, acceptSslCerts=true, locationContextEnabled=true, webStorageEnabled=true, browserName=chrome, takesScreenshot=true, javascriptEnabled=true, cssSelectorsEnabled=true, unexpectedAlertBehaviour=}]
Session ID: 207165fdf0ddbe403ad1c78080cf9b47">
      <![CDATA[org.openqa.selenium.WebDriverException: unknown error: Element <input class="gsfi" disabled="" autocomplete="off" autocapitalize="off" aria-hidden="true" id="gs_htif0" dir="ltr" style="border: none; padding: 0px; margin: 0px; height: auto; width: 100%; position: absolute; z-index: 1; background-color: transparent; -webkit-text-fill-color: silver; color: silver; transition: all 0.218s; opacity: 0; text-align: left; left: 0px;"> is not clickable at point (463, 340). Other element would receive the click: <input class="gsfi lst-d-f" id="lst-ib" maxlength="2048" name="q" autocomplete="off" title="Search" type="text" value="" aria-label="Search" aria-haspopup="false" role="combobox" aria-autocomplete="both" dir="ltr" spellcheck="false" style="border: none; padding: 0px; margin: 0px; height: auto; width: 100%; background: url(&quot;data:image/gif;base64,R0lGODlhAQABAID/AMDAwAAAACH5BAEAAAAALAAAAAABAAEAAAICRAEAOw%3D%3D&quot;) transparent; position: absolute; z-index: 6; left: 0px; outline: none;">
  (Session info: chrome=60.0.3112.90)
  (Driver info: chromedriver=2.29.461591 (62ebf098771772160f391d75e589dc567915b233),platform=Windows NT 6.2.9200 x86_64) (WARNING: The server did not provide any stacktrace information)
Command duration or timeout: 59 milliseconds
Build info: version: '2.53.0', revision: '35ae25b1534ae328c771e0856c93e187490ca824', time: '2016-03-15 10:43:46'
System info: host: 'ICPL11493', ip: '10.11.31.109', os.name: 'Windows 8', os.arch: 'amd64', os.version: '6.2', java.version: '1.8.0_111'
Driver info: com.qmetry.qaf.automation.ui.webdriver.QAFExtendedWebDriver
Capabilities [{applicationCacheEnabled=false, rotatable=false, mobileEmulationEnabled=false, networkConnectionEnabled=false, chrome={chromedriverVersion=2.29.461591 (62ebf098771772160f391d75e589dc567915b233), userDataDir=C:\Users\BISWA~1.SEN\AppData\Local\Temp\scoped_dir6476_19164}, takesHeapSnapshot=true, pageLoadStrategy=normal, databaseEnabled=false, handlesAlerts=true, hasTouchScreen=false, version=60.0.3112.90, platform=WIN8, browserConnectionEnabled=false, nativeEvents=true, acceptSslCerts=true, locationContextEnabled=true, webStorageEnabled=true, browserName=chrome, takesScreenshot=true, javascriptEnabled=true, cssSelectorsEnabled=true, unexpectedAlertBehaviour=}]
Session ID: 207165fdf0ddbe403ad1c78080cf9b47
	at .And search for any product(scenarios/suite1.bdd:7)
	at org.openqa.selenium.remote.ErrorHandler.createThrowable(ErrorHandler.java:206)
	at org.openqa.selenium.remote.ErrorHandler.throwIfResponseFailed(ErrorHandler.java:158)
	at org.openqa.selenium.remote.RemoteWebDriver.execute(RemoteWebDriver.java:678)
	at com.qmetry.qaf.automation.ui.webdriver.QAFExtendedWebDriver.executeWitoutLog(QAFExtendedWebDriver.java:256)
	at com.qmetry.qaf.automation.ui.webdriver.QAFExtendedWebElement.execute(QAFExtendedWebElement.java:252)
	at org.openqa.selenium.remote.RemoteWebElement.click(RemoteWebElement.java:85)
	at com.demojenkins.google.search_for_any_product_aroundBody2(google.java:25)
	at com.qmetry.qaf.automation.step.JavaStepReporter.javaTestStep(JavaStepReporter.java:101)
	at com.demojenkins.google.search_for_any_product(google.java:23)
	at com.qmetry.qaf.automation.step.JavaStep.doExecute(JavaStep.java:160)
	at com.qmetry.qaf.automation.step.BaseTestStep.execute(BaseTestStep.java:149)
	at com.qmetry.qaf.automation.step.StringTestStep.execute(StringTestStep.java:134)
	at com.qmetry.qaf.automation.step.client.Scenario.execute(Scenario.java:167)
	at com.qmetry.qaf.automation.step.client.Scenario.scenario(Scenario.java:219)
]]>
    </error>
  </testcase> <!-- SampleTest -->
</testsuite> <!-- com.qmetry.qaf.automation.step.client.Scenario -->
